<?xml version="1.0" encoding="UTF-8"?>
<!-- Generated by org.testng.reporters.JUnitReportReporter -->
<testsuite skipped="0" hostname="DESKTOP-JIT18G6" name="com.amazon.tests.AWSCalclatorTests" tests="2" failures="0" timestamp="07 Mar 2018 06:05:46 GMT" time="0.337" errors="0">
  <testcase name="defaultMonthlyBillTest" time="0.160" classname="com.amazon.tests.AWSCalclatorTests"/>
  <testcase name="addedEc2DefaultValuesTest" time="0.177" classname="com.amazon.tests.AWSCalclatorTests"/>
</testsuite> <!-- com.amazon.tests.AWSCalclatorTests -->
